Log file open, 01/09/19 09:00:19
LogWindows: Failed to load 'aqProf.dll' (GetLastError=126)
LogWindows: File 'aqProf.dll' does not exist
LogWindows: Failed to load 'VtuneApi.dll' (GetLastError=126)
LogWindows: File 'VtuneApi.dll' does not exist
LogWindows: Failed to load 'VtuneApi32e.dll' (GetLastError=126)
LogWindows: File 'VtuneApi32e.dll' does not exist
LogInit: Display: Running engine for game: EAE3010Project
LogPlatformFile: Not using cached read wrapper
LogTaskGraph: Started task graph with 5 named threads and 23 total threads with 3 sets of task threads.
LogStats: Stats thread started at 0.276156
LogD3D11RHI: Loaded GFSDK_Aftermath_Lib.x64.dll
LogICUInternationalization: Display: ICU TimeZone Detection - Raw Offset: -7:00, Platform Override: ''
LogPluginManager: Mounting plugin Paper2D
LogPluginManager: Mounting plugin AISupport
LogPluginManager: Mounting plugin LightPropagationVolume
LogPluginManager: Mounting plugin CLionSourceCodeAccess
LogPluginManager: Mounting plugin CodeLiteSourceCodeAccess
LogPluginManager: Mounting plugin GitSourceControl
LogPluginManager: Mounting plugin KDevelopSourceCodeAccess
LogPluginManager: Mounting plugin NullSourceCodeAccess
LogPluginManager: Mounting plugin PerforceSourceControl
LogPluginManager: Mounting plugin SubversionSourceControl
LogPluginManager: Mounting plugin UObjectPlugin
LogPluginManager: Mounting plugin VisualStudioCodeSourceCodeAccess
LogPluginManager: Mounting plugin VisualStudioSourceCodeAccess
LogPluginManager: Mounting plugin XCodeSourceCodeAccess
LogPluginManager: Mounting plugin AssetManagerEditor
LogPluginManager: Mounting plugin CryptoKeys
LogPluginManager: Mounting plugin DataValidation
LogPluginManager: Mounting plugin FacialAnimation
LogPluginManager: Mounting plugin GameplayTagsEditor
LogPluginManager: Mounting plugin MacGraphicsSwitching
LogPluginManager: Mounting plugin MeshEditor
LogPluginManager: Mounting plugin MobileLauncherProfileWizard
LogPluginManager: Mounting plugin PluginBrowser
LogPluginManager: Mounting plugin SpeedTreeImporter
LogPluginManager: Mounting plugin DatasmithContent
LogPluginManager: Mounting plugin AlembicImporter
LogPluginManager: Mounting plugin AppleImageUtils
LogPluginManager: Mounting plugin AppleVision
LogPluginManager: Mounting plugin BackChannel
LogPluginManager: Mounting plugin CharacterAI
LogPluginManager: Mounting plugin GeometryCache
LogPluginManager: Mounting plugin HTML5Networking
LogPluginManager: Mounting plugin ProxyLODPlugin
LogPluginManager: Mounting plugin MagicLeap
LogPluginManager: Mounting plugin MagicLeapEmulator
LogPluginManager: Mounting plugin MagicLeapMedia
LogPluginManager: Mounting plugin AndroidMedia
LogPluginManager: Mounting plugin AvfMedia
LogPluginManager: Mounting plugin ImgMedia
LogPluginManager: Mounting plugin LinearTimecode
LogPluginManager: Mounting plugin MediaCompositing
LogPluginManager: Mounting plugin MediaPlayerEditor
LogPluginManager: Mounting plugin WmfMedia
LogPluginManager: Mounting plugin TcpMessaging
LogPluginManager: Mounting plugin UdpMessaging
LogPluginManager: Mounting plugin ActorSequence
LogPluginManager: Mounting plugin LevelSequenceEditor
LogPluginManager: Mounting plugin MatineeToLevelSequence
LogPluginManager: Mounting plugin NetcodeUnitTest
LogPluginManager: Mounting plugin NUTUnrealEngine4
LogPluginManager: Mounting plugin OnlineSubsystemGooglePlay
LogPluginManager: Mounting plugin OnlineSubsystemIOS
LogPluginManager: Mounting plugin OnlineSubsystem
LogPluginManager: Mounting plugin OnlineSubsystemNull
LogPluginManager: Mounting plugin OnlineSubsystemUtils
LogPluginManager: Mounting plugin LauncherChunkInstaller
LogPluginManager: Mounting plugin AndroidDeviceProfileSelector
LogPluginManager: Mounting plugin AndroidMoviePlayer
LogPluginManager: Mounting plugin AndroidPermission
LogPluginManager: Mounting plugin AppleMoviePlayer
LogPluginManager: Mounting plugin ArchVisCharacter
LogPluginManager: Mounting plugin AudioCapture
LogPluginManager: Mounting plugin CableComponent
LogPluginManager: Mounting plugin CustomMeshComponent
LogPluginManager: Mounting plugin EditableMesh
LogPluginManager: Mounting plugin ExampleDeviceProfileSelector
LogPluginManager: Mounting plugin GoogleCloudMessaging
LogPluginManager: Mounting plugin ImmediatePhysics
LogPluginManager: Mounting plugin IOSDeviceProfileSelector
LogPluginManager: Mounting plugin LinuxDeviceProfileSelector
LogPluginManager: Mounting plugin LocationServicesBPLibrary
LogPluginManager: Mounting plugin MobilePatchingUtils
LogPluginManager: Mounting plugin OculusVR
LogPluginManager: Plugin shader directory ../../../Engine/Plugins/Runtime/Oculus/OculusVR/Shaders found
LogPluginManager: Mapping shader source directory ../../../Engine/Plugins/Runtime/Oculus/OculusVR/Shaders to virtual directory /Plugin/OculusVR
LogPluginManager: Mounting plugin PhysXVehicles
LogPluginManager: Mounting plugin ProceduralMeshComponent
LogPluginManager: Mounting plugin RuntimePhysXCooking
LogPluginManager: Mounting plugin SteamVR
LogPluginManager: Mounting plugin WindowsMoviePlayer
LogStreaming: Display: Took  0.111s to configure plugins.
LogInit: Using libcurl 7.55.1-DEV
LogInit:  - built for x86_64-pc-win32
LogInit:  - supports SSL with OpenSSL/1.0.2h
LogInit:  - supports HTTP deflate (compression) using libz 1.2.8
LogInit:  - other features:
LogInit:      CURL_VERSION_SSL
LogInit:      CURL_VERSION_LIBZ
LogInit:      CURL_VERSION_IPV6
LogInit:      CURL_VERSION_ASYNCHDNS
LogInit:      CURL_VERSION_LARGEFILE
LogInit:      CURL_VERSION_IDN
LogInit:  CurlRequestOptions (configurable via config and command line):
LogInit:  - bVerifyPeer = false  - Libcurl will NOT verify peer certificate
LogInit:  - bUseHttpProxy = false  - Libcurl will NOT use HTTP proxy
LogInit:  - bDontReuseConnections = false  - Libcurl will reuse connections
LogInit:  - CertBundlePath = nullptr  - Libcurl will use whatever was configured at build time.
LogInit:  - MaxHostConnections = 16  - Libcurl will limit the number of connections to a host
LogInit:  - LocalHostAddr = Default
LogInit:  - BufferSize = 65536
LogInit: WinSock: version 1.1 (2.2), MaxSocks=32767, MaxUdp=65467
LogInit: Build: ++UE4+Release-4.20-CL-4369336
LogInit: Engine Version: 4.20.3-4369336+++UE4+Release-4.20
LogInit: Compatible Engine Version: 4.20.0-4212847+++UE4+Release-4.20
LogInit: Net CL: 4212847
LogInit: OS: Windows 10 (), CPU: Intel(R) Core(TM) i7-8809G CPU @ 3.10GHz, GPU: Radeon RX Vega M GH Graphics
LogInit: Compiled (64-bit): Sep 17 2018 12:26:19
LogInit: Compiled with Visual C++: 19.13.26129.00
LogInit: Build Configuration: Development
LogInit: Branch Name: ++UE4+Release-4.20
LogInit: Command Line: 
LogInit: Base Directory: C:/Program Files/Epic Games/UE_4.20/Engine/Binaries/Win64/
LogInit: Installed Engine Build: 1
LogDevObjectVersion: Number of dev versions registered: 20
LogDevObjectVersion:   Dev-Blueprints (B0D832E4-1F89-4F0D-ACCF-7EB736FD4AA2): 10
LogDevObjectVersion:   Dev-Build (E1C64328-A22C-4D53-A36C-8E866417BD8C): 0
LogDevObjectVersion:   Dev-Core (375EC13C-06E4-48FB-B500-84F0262A717E): 2
LogDevObjectVersion:   Dev-Editor (E4B068ED-F494-42E9-A231-DA0B2E46BB41): 24
LogDevObjectVersion:   Dev-Framework (CFFC743F-43B0-4480-9391-14DF171D2073): 34
LogDevObjectVersion:   Dev-Mobile (B02B49B5-BB20-44E9-A304-32B752E40360): 2
LogDevObjectVersion:   Dev-Networking (A4E4105C-59A1-49B5-A7C5-40C4547EDFEE): 0
LogDevObjectVersion:   Dev-Online (39C831C9-5AE6-47DC-9A44-9C173E1C8E7C): 0
LogDevObjectVersion:   Dev-Physics (78F01B33-EBEA-4F98-B9B4-84EACCB95AA2): 0
LogDevObjectVersion:   Dev-Platform (6631380F-2D4D-43E0-8009-CF276956A95A): 0
LogDevObjectVersion:   Dev-Rendering (12F88B9F-8875-4AFC-A67C-D90C383ABD29): 26
LogDevObjectVersion:   Dev-Sequencer (7B5AE74C-D270-4C10-A958-57980B212A5A): 9
LogDevObjectVersion:   Dev-VR (D7296918-1DD6-4BDD-9DE2-64A83CC13884): 2
LogDevObjectVersion:   Dev-LoadTimes (C2A15278-BFE7-4AFE-6C17-90FF531DF755): 1
LogDevObjectVersion:   Private-Geometry (6EACA3D4-40EC-4CC1-B786-8BED09428FC5): 3
LogDevObjectVersion:   Dev-AnimPhys (29E575DD-E0A3-4627-9D10-D276232CDCEA): 17
LogDevObjectVersion:   Dev-ReflectionCapture (6B266CEC-1EC7-4B8F-A30B-E4D90942FC07): 1
LogDevObjectVersion:   Dev-Automation (0DF73D61-A23F-47EA-B727-89E90C41499A): 1
LogDevObjectVersion:   FortniteMain (601D1886-AC64-4F84-AA16-D3DE0DEAC7D6): 12
LogDevObjectVersion:   Dev-Enterprise (9DFFBCD6-494F-0158-E221-12823C92A888): 1
LogStreaming: Display: Took  0.000s to delete old logs.
LogInit: Presizing for max 8388607 objects, including 0 objects not considered by GC, pre-allocating 0 bytes for permanent pool.
LogInit: Object subsystem initialized
[2019.01.09-16.00.19:859][  0]LogInit: Selected Device Profile: [Windows]
[2019.01.09-16.00.19:859][  0]LogInit: Applying CVar settings loaded from the selected device profile: [Windows]
[2019.01.09-16.00.19:874][  0]LogHAL: Display: Platform has ~ 16 GB [17095028736 / 17179869184 / 16], which maps to Larger [LargestMinGB=32, LargerMinGB=12, DefaultMinGB=8, SmallerMinGB=6, SmallestMinGB=0)
[2019.01.09-16.00.19:874][  0]LogInit: Setting Device Profile CVar: [[r.Vulkan.UseRealUBs:1]]
[2019.01.09-16.00.19:874][  0]LogInit: Going up to parent DeviceProfile []
[2019.01.09-16.00.19:874][  0]LogInit: Computer: eae-n-029
[2019.01.09-16.00.19:874][  0]LogInit: User: u0962775
[2019.01.09-16.00.19:874][  0]LogInit: CPU Page size=4096, Cores=4
[2019.01.09-16.00.19:874][  0]LogInit: High frequency timer resolution =3.023438 MHz
[2019.01.09-16.00.19:874][  0]LogMemory: Memory total: Physical=15.9GB (16GB approx)
[2019.01.09-16.00.19:874][  0]LogMemory: Platform Memory Stats for Windows
[2019.01.09-16.00.19:874][  0]LogMemory: Process Physical Memory: 99.67 MB used, 99.67 MB peak
[2019.01.09-16.00.19:874][  0]LogMemory: Process Virtual Memory: 90.88 MB used, 90.88 MB peak
[2019.01.09-16.00.19:874][  0]LogMemory: Physical Memory: 4821.60 MB used,  11481.49 MB free, 16303.09 MB total
[2019.01.09-16.00.19:874][  0]LogMemory: Virtual Memory: 4640.71 MB used,  11481.49 MB free, 134217728.00 MB total
[2019.01.09-16.00.19:888][  0]LogInit: Using OS detected language (en-US).
[2019.01.09-16.00.19:888][  0]LogInit: Using OS detected locale (en-US).
[2019.01.09-16.00.19:889][  0]LogTextLocalizationManager: No specific localization for 'en-US' exists, so the 'en' localization will be used.
[2019.01.09-16.00.20:240][  0]LogStreaming: Display: Took  0.351s to InitEngineTextLocalization.
[2019.01.09-16.00.20:240][  0]LogInit: Setting process to per monitor DPI aware
[2019.01.09-16.00.20:273][  0]LogSlate: New Slate User Created.  User Index 0, Is Virtual User: 0
[2019.01.09-16.00.20:273][  0]LogSlate: Slate User Registered.  User Index 0, Is Virtual User: 0
[2019.01.09-16.00.20:453][  0]LogHMD: Failed to initialize OpenVR with code 110
[2019.01.09-16.00.20:453][  0]LogD3D11RHI: D3D11 adapters:
[2019.01.09-16.00.20:496][  0]LogD3D11RHI:    0. 'Radeon RX Vega M GH Graphics' (Feature Level 11_0)
[2019.01.09-16.00.20:496][  0]LogD3D11RHI:       4042/0/8151 MB DedicatedVideo/DedicatedSystem/SharedSystem, Outputs:1, VendorId:0x1002
[2019.01.09-16.00.20:510][  0]LogD3D11RHI:    1. 'Intel(R) HD Graphics 630' (Feature Level 11_0)
[2019.01.09-16.00.20:510][  0]LogD3D11RHI:       128/0/8151 MB DedicatedVideo/DedicatedSystem/SharedSystem, Outputs:0, VendorId:0x8086
[2019.01.09-16.00.20:512][  0]LogD3D11RHI:    2. 'Microsoft Basic Render Driver' (Feature Level 11_0)
[2019.01.09-16.00.20:512][  0]LogD3D11RHI:       0/0/8151 MB DedicatedVideo/DedicatedSystem/SharedSystem, Outputs:0, VendorId:0x1414
[2019.01.09-16.00.20:512][  0]LogD3D11RHI: Chosen D3D11 Adapter: 0
[2019.01.09-16.00.20:520][  0]LogD3D11RHI: Creating new Direct3DDevice
[2019.01.09-16.00.20:520][  0]LogD3D11RHI:     GPU DeviceId: 0x694c (for the marketing name, search the web for "GPU Device Id")
[2019.01.09-16.00.20:520][  0]LogWindows: EnumDisplayDevices:
[2019.01.09-16.00.20:520][  0]LogWindows:    0. 'Radeon RX Vega M GH Graphics' (P:1 D:1)
[2019.01.09-16.00.20:520][  0]LogWindows:    1. 'Radeon RX Vega M GH Graphics' (P:0 D:0)
[2019.01.09-16.00.20:521][  0]LogWindows:    2. 'Radeon RX Vega M GH Graphics' (P:0 D:0)
[2019.01.09-16.00.20:521][  0]LogWindows:    3. 'Radeon RX Vega M GH Graphics' (P:0 D:0)
[2019.01.09-16.00.20:521][  0]LogWindows:    4. 'Radeon RX Vega M GH Graphics' (P:0 D:0)
[2019.01.09-16.00.20:521][  0]LogWindows:    5. 'Radeon RX Vega M GH Graphics' (P:0 D:0)
[2019.01.09-16.00.20:522][  0]LogWindows:    6. 'Radeon RX Vega M GH Graphics' (P:0 D:0)
[2019.01.09-16.00.20:522][  0]LogWindows:    7. 'Intel(R) HD Graphics 630' (P:0 D:0)
[2019.01.09-16.00.20:522][  0]LogWindows:    8. 'Intel(R) HD Graphics 630' (P:0 D:0)
[2019.01.09-16.00.20:522][  0]LogWindows: DebugString: PrimaryIsNotTheChoosenAdapter PrimaryIsNotTheChoosenAdapter FoundDriverCount:7 
[2019.01.09-16.00.20:522][  0]LogD3D11RHI:     Adapter Name: Radeon RX Vega M GH Graphics
[2019.01.09-16.00.20:523][  0]LogD3D11RHI:   Driver Version: Adrenalin 18.9.1 (internal:24.20.11026.2001, unified:24.20.11026.2001)
[2019.01.09-16.00.20:523][  0]LogD3D11RHI:      Driver Date: 8-30-2018
[2019.01.09-16.00.20:523][  0]LogRHI: Texture pool is 2829 MB (70% of 4042 MB)
[2019.01.09-16.00.20:586][  0]LogD3D11RHI: Async texture creation enabled
[2019.01.09-16.00.20:597][  0]LogD3D11RHI: GPU Timing Frequency: 25.000000 (Debug: 2 1)
[2019.01.09-16.00.20:599][  0]LogShaderCompilers: Guid format shader working directory is -25 characters bigger than the processId version (../../../../../../Users/u0962775/Documents/LN_AssetPipeline/EAE3010Project/Intermediate/Shaders/WorkingDirectory/9120/).
[2019.01.09-16.00.20:599][  0]LogShaderCompilers: Cleaned the shader compiler working directory 'C:/Users/u0962775/AppData/Local/Temp/UnrealShaderWorkingDir/79F583AC4656391F6B487796C4880CE4/'.
[2019.01.09-16.00.20:811][  0]LogTemp: Display: Loaded TP AllDesktopTargetPlatform
[2019.01.09-16.00.20:823][  0]LogTemp: Display: Loaded TP MacClientTargetPlatform
[2019.01.09-16.00.20:834][  0]LogTemp: Display: Loaded TP MacNoEditorTargetPlatform
[2019.01.09-16.00.20:844][  0]LogTemp: Display: Loaded TP MacServerTargetPlatform
[2019.01.09-16.00.20:856][  0]LogTemp: Display: Loaded TP MacTargetPlatform
[2019.01.09-16.00.20:867][  0]LogTemp: Display: Loaded TP WindowsClientTargetPlatform
[2019.01.09-16.00.20:879][  0]LogTemp: Display: Loaded TP WindowsNoEditorTargetPlatform
[2019.01.09-16.00.20:891][  0]LogTemp: Display: Loaded TP WindowsServerTargetPlatform
[2019.01.09-16.00.20:896][  0]LogTemp: Display: Loaded TP WindowsTargetPlatform
[2019.01.09-16.00.20:960][  0]LogTemp: Display: Loaded TP AndroidTargetPlatform
[2019.01.09-16.00.20:960][  0]LogTemp: Display: Loaded TP AndroidTargetPlatform
[2019.01.09-16.00.20:960][  0]LogTemp: Display: Loaded TP AndroidTargetPlatform
[2019.01.09-16.00.20:960][  0]LogTemp: Display: Loaded TP AndroidTargetPlatform
[2019.01.09-16.00.20:960][  0]LogTemp: Display: Loaded TP AndroidTargetPlatform
[2019.01.09-16.00.20:960][  0]LogTemp: Display: Loaded TP AndroidTargetPlatform
[2019.01.09-16.00.20:960][  0]LogTemp: Display: Loaded TP AndroidTargetPlatform
[2019.01.09-16.00.20:960][  0]LogTemp: Display: Loaded TP AndroidTargetPlatform
[2019.01.09-16.00.20:960][  0]LogTemp: Display: Loaded TP AndroidTargetPlatform
[2019.01.09-16.00.20:960][  0]LogTemp: Display: Loaded TP AndroidTargetPlatform
[2019.01.09-16.00.20:960][  0]LogTemp: Display: Loaded TP AndroidTargetPlatform
[2019.01.09-16.00.20:960][  0]LogTemp: Display: Loaded TP AndroidTargetPlatform
[2019.01.09-16.00.20:960][  0]LogTemp: Display: Loaded TP AndroidTargetPlatform
[2019.01.09-16.00.20:960][  0]LogTemp: Display: Loaded TP AndroidTargetPlatform
[2019.01.09-16.00.20:960][  0]LogTemp: Display: Loaded TP AndroidTargetPlatform
[2019.01.09-16.00.20:960][  0]LogTemp: Display: Loaded TP AndroidTargetPlatform
[2019.01.09-16.00.20:960][  0]LogTemp: Display: Loaded TP AndroidTargetPlatform
[2019.01.09-16.00.20:960][  0]LogTemp: Display: Loaded TP AndroidTargetPlatform
[2019.01.09-16.00.20:961][  0]LogTemp: Display: Loaded TP HTML5TargetPlatform
[2019.01.09-16.00.21:017][  0]LogTemp: Display: Loaded TP IOSTargetPlatform
[2019.01.09-16.00.21:017][  0]LogTemp: Display: Loaded TP IOSTargetPlatform
[2019.01.09-16.00.21:036][  0]LogTemp: Display: Loaded TP TVOSTargetPlatform
[2019.01.09-16.00.21:036][  0]LogTemp: Display: Loaded TP TVOSTargetPlatform
[2019.01.09-16.00.21:046][  0]LogTemp: Display: Loaded TP LinuxClientTargetPlatform
[2019.01.09-16.00.21:056][  0]LogTemp: Display: Loaded TP LinuxNoEditorTargetPlatform
[2019.01.09-16.00.21:066][  0]LogTemp: Display: Loaded TP LinuxServerTargetPlatform
[2019.01.09-16.00.21:077][  0]LogTemp: Display: Loaded TP LinuxTargetPlatform
[2019.01.09-16.00.21:084][  0]LogTemp: Display: Loaded TP LuminTargetPlatform
[2019.01.09-16.00.21:084][  0]LogTargetPlatformManager: Display: Building Assets For Windows
[2019.01.09-16.00.21:136][  0]LogXGEController: Cannot use XGE Controller as Incredibuild is not installed on this machine.
[2019.01.09-16.00.21:136][  0]LogShaderCompilers: Cannot use XGE Shader Compiler as Incredibuild is not installed on this machine.
[2019.01.09-16.00.21:137][  0]LogShaderCompilers: Display: Using Local Shader Compiler.
[2019.01.09-16.00.21:754][  0]LogDerivedDataCache: Display: Max Cache Size: 512 MB
[2019.01.09-16.00.21:807][  0]LogDerivedDataCache: Loaded boot cache 0.05s 71MB C:/Users/u0962775/AppData/Local/UnrealEngine/4.20/DerivedDataCache/Boot.ddc.
[2019.01.09-16.00.21:807][  0]LogDerivedDataCache: Display: Loaded Boot cache: C:/Users/u0962775/AppData/Local/UnrealEngine/4.20/DerivedDataCache/Boot.ddc
[2019.01.09-16.00.21:807][  0]LogDerivedDataCache: FDerivedDataBackendGraph:  Pak pak cache file ../../../../../../Users/u0962775/Documents/LN_AssetPipeline/EAE3010Project/DerivedDataCache/DDC.ddp not found, will not use a pak cache.
[2019.01.09-16.00.21:807][  0]LogDerivedDataCache: Unable to find inner node Pak for hierarchical cache Hierarchy.
[2019.01.09-16.00.21:807][  0]LogDerivedDataCache: FDerivedDataBackendGraph:  CompressedPak pak cache file ../../../../../../Users/u0962775/Documents/LN_AssetPipeline/EAE3010Project/DerivedDataCache/Compressed.ddp not found, will not use a pak cache.
[2019.01.09-16.00.21:807][  0]LogDerivedDataCache: Unable to find inner node CompressedPak for hierarchical cache Hierarchy.
[2019.01.09-16.00.21:818][  0]LogDerivedDataCache: Display: Pak cache opened for reading ../../../Engine/DerivedDataCache/Compressed.ddp.
[2019.01.09-16.00.21:831][  0]LogDerivedDataCache: Using Local data cache path C:/Users/u0962775/AppData/Local/UnrealEngine/Common/DerivedDataCache: Writable
[2019.01.09-16.00.21:831][  0]LogDerivedDataCache: Shared data cache path not found in *engine.ini, will not use an Shared cache.
[2019.01.09-16.00.21:831][  0]LogDerivedDataCache: Unable to find inner node Shared for hierarchical cache Hierarchy.
[2019.01.09-16.00.21:846][  0]LogMaterial: Verifying Global Shaders for PCD3D_SM5
[2019.01.09-16.00.21:847][  0]LogSlate: Using FreeType 2.6.0
[2019.01.09-16.00.21:848][  0]LogSlate: SlateFontServices - WITH_FREETYPE: 1, WITH_HARFBUZZ: 1
[2019.01.09-16.00.21:912][  0]LogAssetRegistry: FAssetRegistry took 0.0252 seconds to start up
[2019.01.09-16.00.22:168][  0]LogInit: Selected Device Profile: [Windows]
[2019.01.09-16.00.22:279][  0]LogSimplygon: Simplygon DLL not present - disabling.
[2019.01.09-16.00.22:282][  0]LogMeshReduction: Using SimplygonSwarm for distributed automatic mesh merging
[2019.01.09-16.00.22:282][  0]LogMeshReduction: Using ProxyLODMeshReduction for automatic mesh merging
[2019.01.09-16.00.22:282][  0]LogMeshReduction: Using QuadricMeshReduction for automatic static mesh reduction
[2019.01.09-16.00.22:282][  0]LogMeshReduction: No automatic skeletal mesh reduction module available
[2019.01.09-16.00.22:294][  0]LogNetVersion: EAE3010Project 1.0.0, NetCL: 4212847, EngineNetVer: 5, GameNetVer: 0 (Checksum: 7723081)
[2019.01.09-16.00.22:770][  0]LogPackageLocalizationCache: Processed 11 localized package path(s) for 2 prioritized culture(s) in 0.123167 seconds
[2019.01.09-16.00.22:775][  0]LogUObjectArray: 38425 objects as part of root set at end of initial load.
[2019.01.09-16.00.22:775][  0]LogUObjectAllocator: 6690864 out of 0 bytes used by permanent object pool.
[2019.01.09-16.00.22:775][  0]LogUObjectArray: CloseDisregardForGC: 0/0 objects in disregard for GC pool
[2019.01.09-16.00.23:488][  0]LogTcpMessaging: Initializing TcpMessaging bridge
[2019.01.09-16.00.23:502][  0]LogUdpMessaging: Initializing bridge on interface 0.0.0.0:0 to multicast group 230.0.0.1:6666.
[2019.01.09-16.00.23:643][  0]SourceControl: Source control is disabled
[2019.01.09-16.00.23:643][  0]SourceControl: Source control is disabled
[2019.01.09-16.00.23:644][  0]SourceControl: Source control is disabled
[2019.01.09-16.00.23:645][  0]SourceControl: Source control is disabled
[2019.01.09-16.00.23:796][  0]LogAndroidPermission: UAndroidPermissionCallbackProxy::GetInstance
[2019.01.09-16.00.23:862][  0]LogOcInput: OculusInput pre-init called
[2019.01.09-16.00.23:914][  0]LogEngine: Initializing Engine...
[2019.01.09-16.00.23:914][  0]LogHMD: Failed to initialize OpenVR with code 110
[2019.01.09-16.00.23:915][  0]LogStats: UGameplayTagsManager::ConstructGameplayTagTree: ImportINI prefixes -  0.000 s
[2019.01.09-16.00.23:915][  0]LogStats: UGameplayTagsManager::ConstructGameplayTagTree: Construct from data asset -  0.000 s
[2019.01.09-16.00.23:915][  0]LogStats: UGameplayTagsManager::ConstructGameplayTagTree: ImportINI -  0.000 s
[2019.01.09-16.00.23:916][  0]LogStats: UGameplayTagsManager::ConstructGameplayTagTree: GameplayTagTreeChangedEvent.Broadcast -  0.000 s
[2019.01.09-16.00.24:096][  0]LogInit: Initializing FReadOnlyCVARCache
[2019.01.09-16.00.24:110][  0]LogAIModule: Creating AISystem for world Untitled
[2019.01.09-16.00.24:137][  0]LogInit: XAudio2 using '1 - CintiqPro24P (AMD High Definition Audio Device)' : 2 channels at 48 kHz using 16 bits per sample (channel mask 0x3)
[2019.01.09-16.00.24:160][  0]LogInit: FAudioDevice initialized.
[2019.01.09-16.00.24:160][  0]LogNetVersion: Set ProjectVersion to 1.0.0.0. Version Checksum will be recalculated on next use.
[2019.01.09-16.00.24:231][  0]LogDerivedDataCache: Saved boot cache 0.07s 71MB C:/Users/u0962775/AppData/Local/UnrealEngine/4.20/DerivedDataCache/Boot.ddc.
[2019.01.09-16.00.24:257][  0]LogInit: Texture streaming: Enabled
[2019.01.09-16.00.24:276][  0]LogEngineSessionManager: EngineSessionManager initialized
[2019.01.09-16.00.24:295][  0]LogInit: Transaction tracking system initialized
[2019.01.09-16.00.24:314][  0]BlueprintLog: New page: Editor Load
[2019.01.09-16.00.24:390][  0]LocalizationService: Localization service is disabled
[2019.01.09-16.00.24:614][  0]LogCook: Display: Max memory allowance for cook 16384mb min free memory 0mb
[2019.01.09-16.00.24:614][  0]LogCook: Display: Mobile HDR setting 1
[2019.01.09-16.00.24:614][  0]LogGameplayTags: Display: UGameplayTagsManager::DoneAddingNativeTags. DelegateIsBound: 0
[2019.01.09-16.00.24:614][  0]LogStats: UGameplayTagsManager::ConstructGameplayTagTree: ImportINI prefixes -  0.000 s
[2019.01.09-16.00.24:614][  0]LogStats: UGameplayTagsManager::ConstructGameplayTagTree: Construct from data asset -  0.000 s
[2019.01.09-16.00.24:614][  0]LogStats: UGameplayTagsManager::ConstructGameplayTagTree: ImportINI -  0.000 s
[2019.01.09-16.00.24:614][  0]LogStats: UGameplayTagsManager::ConstructGameplayTagTree: GameplayTagTreeChangedEvent.Broadcast -  0.000 s
[2019.01.09-16.00.24:736][  0]LogFileCache: Scanning file cache for directory 'C:/Users/u0962775/Documents/LN_AssetPipeline/EAE3010Project/Content/' took 0.01s
[2019.01.09-16.00.24:736][  0]SourceControl: Source control is disabled
[2019.01.09-16.00.24:736][  0]Cmd: MAP LOAD FILE="../../../../../../Users/u0962775/Documents/LN_AssetPipeline/EAE3010Project/Content/StarterContent/Maps/Minimal_Default.umap" TEMPLATE=0 SHOWPROGRESS=1 FEATURELEVEL=3
[2019.01.09-16.00.24:737][  0]LightingResults: New page: Lighting Build
[2019.01.09-16.00.24:739][  0]MapCheck: New page: Map Check
[2019.01.09-16.00.24:739][  0]LightingResults: New page: Lighting Build
[2019.01.09-16.00.25:084][  0]LogAIModule: Creating AISystem for world Minimal_Default
[2019.01.09-16.00.25:093][  0]LogEditorServer: Finished looking for orphan Actors (0.000 secs)
[2019.01.09-16.00.25:112][  0]Cmd: MAP CHECKDEP NOCLEARLOG
[2019.01.09-16.00.25:177][  0]MapCheck: Map check complete: 0 Error(s), 0 Warning(s), took 64.588ms to complete.
[2019.01.09-16.00.25:177][  0]LogFileHelpers: Loading map 'Minimal_Default' took 0.441
[2019.01.09-16.00.25:271][  0]LogSlate: Updating window title bar state: overlay mode, drag disabled, window buttons hidden, title bar hidden
[2019.01.09-16.00.25:278][  0]LogSlate: Updating window title bar state: overlay mode, drag disabled, window buttons hidden, title bar hidden
[2019.01.09-16.00.25:285][  0]LogSlate: Updating window title bar state: overlay mode, drag disabled, window buttons hidden, title bar hidden
[2019.01.09-16.00.25:291][  0]LogSlate: Updating window title bar state: overlay mode, drag disabled, window buttons hidden, title bar hidden
[2019.01.09-16.00.25:309][  0]LogCollectionManager: Loaded 0 collections in 0.001909 seconds
[2019.01.09-16.00.25:347][  0]LogFileCache: Scanning file cache for directory 'C:/Users/u0962775/Documents/LN_AssetPipeline/EAE3010Project/Saved/Collections/' took 0.01s
[2019.01.09-16.00.25:347][  0]LogFileCache: Scanning file cache for directory 'C:/Users/u0962775/Documents/LN_AssetPipeline/EAE3010Project/Content/Developers/u0962775/Collections/' took 0.01s
[2019.01.09-16.00.25:347][  0]LogFileCache: Scanning file cache for directory 'C:/Users/u0962775/Documents/LN_AssetPipeline/EAE3010Project/Content/Collections/' took 0.01s
[2019.01.09-16.00.25:347][  0]LogCollectionManager: Rebuilt the GUID cache for 0 collections in 0.000000 seconds
[2019.01.09-16.00.25:355][  0]LogContentBrowser: Native class hierarchy populated in 0.0076 seconds. Added 2573 classes and 605 folders.
[2019.01.09-16.00.25:362][  0]LogContentBrowser: Native class hierarchy updated for 'WidgetCarousel' in 0.0003 seconds. Added 0 classes and 0 folders.
[2019.01.09-16.00.25:402][  0]LogContentBrowser: Native class hierarchy updated for 'AddContentDialog' in 0.0002 seconds. Added 0 classes and 0 folders.
[2019.01.09-16.00.25:408][  0]LogSlate: Took 0.000253 seconds to synchronously load lazily loaded font '../../../Engine/Content/Slate/Fonts/Roboto-Regular.ttf' (155K)
[2019.01.09-16.00.25:410][  0]LogSlate: Took 0.000148 seconds to synchronously load lazily loaded font '../../../Engine/Content/Slate/Fonts/Roboto-Bold.ttf' (160K)
[2019.01.09-16.00.25:414][  0]LogSlate: Took 0.000190 seconds to synchronously load lazily loaded font '../../../Engine/Content/Editor/Slate/Fonts/FontAwesome.ttf' (139K)
[2019.01.09-16.00.25:484][  0]LogRenderer: Reallocating scene render targets to support 1076x596 Format 10 NumSamples 1 (Frame:1).
[2019.01.09-16.00.25:658][  0]LogContentBrowser: Native class hierarchy updated for 'HierarchicalLODOutliner' in 0.0002 seconds. Added 0 classes and 0 folders.
[2019.01.09-16.00.25:658][  0]LogLoad: (Engine Initialization) Total time: 7.55 seconds
[2019.01.09-16.00.25:658][  0]LogLoad: (Engine Initialization) Total Blueprint compile time: 0.00 seconds
[2019.01.09-16.00.25:692][  0]LogAssetRegistry: Asset discovery search completed in 3.8024 seconds
[2019.01.09-16.00.25:693][  0]LogCollectionManager: Rebuilt the object cache for 0 collections in 0.000000 seconds (found 0 objects)
[2019.01.09-16.00.25:693][  0]LogCollectionManager: Fixed up redirectors for 0 collections in 0.000037 seconds (updated 0 objects)
[2019.01.09-16.00.25:694][  0]LogContentStreaming: Texture pool size now 1000 MB
[2019.01.09-16.00.42:014][900]LogEditorViewport: Clicking on Actor (LMB): StaticMeshActor (Pillar_50x511)
[2019.01.09-16.00.44:133][137]Cmd: EDIT COPY
[2019.01.09-16.00.44:687][202]Cmd: EDIT PASTE
[2019.01.09-16.01.00:237][ 44]Cmd: EDIT COPY
[2019.01.09-16.01.00:753][106]Cmd: EDIT PASTE
[2019.01.09-16.01.20:024][371]LogSlate: FSceneViewport::OnFocusLost() reason 0
[2019.01.09-16.01.30:432][598]LogEditorViewport: Clicking on Actor (LMB): StaticMeshActor (Pillar_50x514)
[2019.01.09-16.01.32:102][793]Cmd: DELETE
[2019.01.09-16.01.32:102][793]Cmd: ACTOR DELETE
[2019.01.09-16.01.32:104][793]LogEditorActor: Deleted Actor: StaticMeshActor
[2019.01.09-16.01.32:122][793]LogEditorActor: Deleted 1 Actors (0.020 secs)
[2019.01.09-16.01.32:674][858]LogEditorViewport: Clicking on Actor (LMB): StaticMeshActor (Pillar_50x513)
[2019.01.09-16.01.34:475][ 68]Cmd: EDIT COPY
[2019.01.09-16.01.34:853][112]Cmd: EDIT PASTE
[2019.01.09-16.01.48:487][726]LogEditorViewport: Clicking on Actor (LMB): StaticMeshActor (Pillar_50x513)
[2019.01.09-16.01.50:831][  1]LogEditorViewport: Clicking on Actor (LMB): StaticMeshActor (Pillar_50x514)
[2019.01.09-16.01.52:300][171]LogEditorViewport: Clicking on Actor (LMB): StaticMeshActor (Pillar_50x513)
[2019.01.09-16.01.53:853][351]LogEditorViewport: Clicking on Actor (LMB): StaticMeshActor (Pillar_50x514)
[2019.01.09-16.01.54:762][420]LogSlate: FSceneViewport::OnFocusLost() reason 0
[2019.01.09-16.01.58:194][691]LogEditorViewport: Clicking on Actor (LMB): StaticMeshActor (Pillar_50x514)
[2019.01.09-16.02.07:491][764]LogEditorViewport: Clicking on Actor (LMB): StaticMeshActor (Pillar_50x513)
[2019.01.09-16.02.16:667][852]LogEditorViewport: Clicking on Actor (LMB): StaticMeshActor (Pillar_50x514)
[2019.01.09-16.02.23:643][678]LogEditorViewport: Clicking on Actor (LMB): BP_Sky_Sphere_C (BP_Sky_Sphere5)
[2019.01.09-16.02.28:940][253]LogEditorViewport: Clicking on Actor (LMB): StaticMeshActor (Pillar_50x513)
[2019.01.09-16.02.30:894][479]LogEditorViewport: Clicking on Actor (CTRL LMB): StaticMeshActor (Pillar_50x514)
[2019.01.09-16.02.31:229][513]Cmd: EDIT COPY
[2019.01.09-16.02.31:679][565]Cmd: EDIT PASTE
[2019.01.09-16.02.33:771][785]LogSlate: FSceneViewport::OnFocusLost() reason 0
[2019.01.09-16.02.58:114][558]LogSlate: FSceneViewport::OnFocusLost() reason 0
[2019.01.09-16.03.14:170][865]LogSlate: FSceneViewport::OnFocusLost() reason 0
[2019.01.09-16.03.25:418][107]Cmd: BRUSH ADD SELECTNEWBRUSH
[2019.01.09-16.03.45:394][401]LogSlate: FSceneViewport::OnFocusLost() reason 0
[2019.01.09-16.04.03:245][372]LogSlate: FSceneViewport::OnFocusLost() reason 0
[2019.01.09-16.04.10:234][197]LogSlate: FSceneViewport::OnFocusLost() reason 0
[2019.01.09-16.04.52:063][898]LogSlate: FSceneViewport::OnFocusLost() reason 0
[2019.01.09-16.05.12:138][161]LogSlate: FSceneViewport::OnFocusLost() reason 0
[2019.01.09-16.05.13:283][280]Cmd: EDCALLBACK SURFPROPS
[2019.01.09-16.05.23:262][340]LogSlate: FSceneViewport::OnFocusLost() reason 2
[2019.01.09-16.05.23:272][340]LogSlate: Took 0.000178 seconds to synchronously load lazily loaded font '../../../Engine/Content/Slate/Fonts/Roboto-Light.ttf' (167K)
[2019.01.09-16.05.40:716][269]LogEditorViewport: Clicking on Actor (LMB): BP_Sky_Sphere_C (BP_Sky_Sphere4)
[2019.01.09-16.05.51:126][432]Cmd: EDIT COPY
[2019.01.09-16.05.51:598][487]Cmd: EDIT PASTE
[2019.01.09-16.06.23:496][ 61]LogEditorViewport: Clicking on Actor (LMB): StaticMeshActor (Pillar_50x503)
[2019.01.09-16.06.37:796][606]LogEditorViewport: Clicking on Actor (LMB): StaticMeshActor (Pillar_50x515)
[2019.01.09-16.06.40:252][856]LogEditorViewport: Clicking on Actor (CTRL LMB): StaticMeshActor (Pillar_50x512)
[2019.01.09-16.06.40:920][918]LogEditorViewport: Clicking on Actor (CTRL LMB): StaticMeshActor (Pillar_50x516)
[2019.01.09-16.06.47:673][676]LogEditorViewport: Clicking on Actor (LMB): BP_Sky_Sphere_C (BP_Sky_Sphere2)
[2019.01.09-16.06.55:471][524]LogEditorViewport: Clicking on Actor (LMB): BP_Sky_Sphere_C (BP_Sky_Sphere2)
[2019.01.09-16.07.03:048][369]LogEditorViewport: Clicking on Actor (LMB): StaticMeshActor (Pillar_50x510)
[2019.01.09-16.07.12:913][511]LogEditorViewport: Clicking on Actor (LMB): StaticMeshActor (Wall_400x404)
[2019.01.09-16.07.14:002][633]LogEditorViewport: Clicking on Actor (CTRL LMB): StaticMeshActor (Wall_400x405)
[2019.01.09-16.07.14:437][679]LogEditorViewport: Clicking on Actor (CTRL LMB): StaticMeshActor (Wall_400x406)
[2019.01.09-16.07.15:434][793]Cmd: EDIT COPY
[2019.01.09-16.07.15:737][828]Cmd: EDIT PASTE
[2019.01.09-16.07.16:843][953]LogEditorViewport: Clicking on Actor (LMB): StaticMeshActor (Wall_400x412)
[2019.01.09-16.07.17:674][ 47]LogEditorViewport: Clicking on Actor (CTRL LMB): StaticMeshActor (Wall_400x411)
[2019.01.09-16.07.18:091][ 91]LogEditorViewport: Clicking on Actor (CTRL LMB): StaticMeshActor (Wall_400x413)
[2019.01.09-16.07.29:922][344]LogEditorViewport: Clicking on Actor (LMB): StaticMeshActor (Wall_400x412)
[2019.01.09-16.07.31:692][548]LogEditorViewport: Clicking on Actor (CTRL LMB): StaticMeshActor (Wall_400x411)
[2019.01.09-16.07.32:837][678]LogEditorViewport: Clicking on Actor (CTRL LMB): StaticMeshActor (Wall_400x413)
[2019.01.09-16.08.29:969][282]Cmd: EDIT COPY
[2019.01.09-16.08.30:315][322]Cmd: EDIT PASTE
[2019.01.09-16.09.29:415][150]LogEditorViewport: Clicking on Actor (LMB): BP_Sky_Sphere_C (BP_Sky_Sphere2)
[2019.01.09-16.09.49:200][480]LogEditorViewport: Clicking on Actor (LMB): BP_Sky_Sphere_C (BP_Sky_Sphere2)
[2019.01.09-16.10.07:461][617]LogEditorViewport: Clicking on Actor (LMB): StaticMeshActor (Wall_400x408)
[2019.01.09-16.10.09:630][871]Cmd: EDIT COPY
[2019.01.09-16.10.10:180][937]Cmd: EDIT PASTE
[2019.01.09-16.10.15:479][557]LogSlate: FSceneViewport::OnFocusLost() reason 0
[2019.01.09-16.10.30:492][310]LogEditorViewport: Clicking on Actor (LMB): BP_Sky_Sphere_C (BP_Sky_Sphere2)
[2019.01.09-16.10.50:227][561]LogSlate: FSceneViewport::OnFocusLost() reason 0
[2019.01.09-16.10.50:506][571]LogSavePackage: Moving '../../../../../../Users/u0962775/Documents/LN_AssetPipeline/EAE3010Project/Saved/Minimal_DefaultE21F49224971F715826FDEB0972925CD.tmp' to '../../../../../../Users/u0962775/Documents/LN_AssetPipeline/EAE3010Project/Content/StarterContent/Maps/Minimal_Default.umap'
[2019.01.09-16.10.50:646][571]LogSavePackage: Moving '../../../../../../Users/u0962775/Documents/LN_AssetPipeline/EAE3010Project/Saved/Minimal_Default_BuiltDataB475A4CE4D29AEB4E7FBCA848EC774B0.tmp' to '../../../../../../Users/u0962775/Documents/LN_AssetPipeline/EAE3010Project/Content/StarterContent/Maps/Minimal_Default_BuiltData.uasset'
